[2025-12-01 10:17:02,339: INFO: main: Welcome to custom logging]
[2025-12-01 16:02:09,127: INFO: common: yaml file: config\config.yaml loaded successfully]
[2025-12-01 16:02:09,161: INFO: common: yaml file: params.yaml loaded successfully]
[2025-12-01 16:03:54,902: INFO: common: yaml file: config\config.yaml loaded successfully]
[2025-12-01 16:03:54,918: INFO: common: yaml file: params.yaml loaded successfully]
[2025-12-01 16:03:54,921: INFO: common: yaml file: schema.yaml loaded successfully]
[2025-12-01 16:03:54,923: INFO: common: created directory at: artifacts]
[2025-12-01 16:03:54,924: INFO: common: created directory at: artifacts/data_ingestion]
[2025-12-01 16:03:56,154: INFO: 1196497530: artifacts/data_ingestion/data.zip downloaded with following ingo: 
Connection: close
Content-Length: 23329
Cache-Control: max-age=300
Content-Security-Policy: default-src 'none'; style-src 'unsafe-inline'; sandbox
Content-Type: application/zip
ETag: "c69888a4ae59bc5a893392785a938ccd4937981c06ba8a9d6a21aa52b4ab5b6e"
Strict-Transport-Security: max-age=31536000
X-Content-Type-Options: nosniff
X-Frame-Options: deny
X-XSS-Protection: 1; mode=block
X-GitHub-Request-Id: A478:14782D:1DB90:32BC2:692D6B8F
Accept-Ranges: bytes
Date: Mon, 01 Dec 2025 10:18:55 GMT
Via: 1.1 varnish
X-Served-By: cache-bom-vanm7210095-BOM
X-Cache: MISS
X-Cache-Hits: 0
X-Timer: S1764584335.306847,VS0,VE249
Vary: Authorization,Accept-Encoding
Access-Control-Allow-Origin: *
Cross-Origin-Resource-Policy: cross-origin
X-Fastly-Request-ID: 082ba304f86fb32ffa13e7c7ce0b8e611ce00881
Expires: Mon, 01 Dec 2025 10:23:55 GMT
Source-Age: 0

]
[2025-12-01 16:53:33,218: INFO: main: >>>>>> stage Data Ingestion stage started <<<<<<]
[2025-12-01 16:53:33,218: INFO: common: yaml file: config\config.yaml loaded successfully]
[2025-12-01 16:53:33,218: INFO: common: yaml file: params.yaml loaded successfully]
[2025-12-01 16:53:33,218: INFO: common: yaml file: schema.yaml loaded successfully]
[2025-12-01 16:53:33,218: INFO: common: created directory at: artifacts]
[2025-12-01 16:53:33,218: INFO: common: created directory at: artifacts/data_ingestion]
[2025-12-01 16:53:34,285: INFO: data_ingestion: artifacts/data_ingestion/data.zip downloaded with following ingo: 
Connection: close
Content-Length: 23329
Cache-Control: max-age=300
Content-Security-Policy: default-src 'none'; style-src 'unsafe-inline'; sandbox
Content-Type: application/zip
ETag: "c69888a4ae59bc5a893392785a938ccd4937981c06ba8a9d6a21aa52b4ab5b6e"
Strict-Transport-Security: max-age=31536000
X-Content-Type-Options: nosniff
X-Frame-Options: deny
X-XSS-Protection: 1; mode=block
X-GitHub-Request-Id: A478:14782D:1DB90:32BC2:692D6B8F
Accept-Ranges: bytes
Date: Mon, 01 Dec 2025 11:08:33 GMT
Via: 1.1 varnish
X-Served-By: cache-bom-vanm7210071-BOM
X-Cache: HIT
X-Cache-Hits: 0
X-Timer: S1764587313.457766,VS0,VE216
Vary: Authorization,Accept-Encoding
Access-Control-Allow-Origin: *
Cross-Origin-Resource-Policy: cross-origin
X-Fastly-Request-ID: 9a6727d0c4983de6d4f422791d86dd18aacd23c6
Expires: Mon, 01 Dec 2025 11:13:33 GMT
Source-Age: 0

]
[2025-12-01 16:53:34,309: INFO: main: >>>>>> stage Data Ingestion stage completed <<<<<<

x==========x]
[2025-12-02 09:06:36,709: INFO: common: yaml file: config\config.yaml loaded successfully]
[2025-12-02 09:06:36,717: INFO: common: yaml file: params.yaml loaded successfully]
[2025-12-02 09:06:36,735: INFO: common: yaml file: schema.yaml loaded successfully]
[2025-12-02 09:06:36,736: INFO: common: created directory at: artifacts]
[2025-12-02 09:06:36,736: INFO: common: created directory at: artifacts/data_ingestion]
[2025-12-02 09:06:36,736: INFO: 1196497530: file already exists]
[2025-12-02 10:32:16,680: INFO: common: yaml file: config\config.yaml loaded successfully]
[2025-12-02 10:32:16,685: INFO: common: yaml file: params.yaml loaded successfully]
[2025-12-02 10:32:16,689: INFO: common: yaml file: schema.yaml loaded successfully]
[2025-12-02 10:32:16,694: INFO: common: created directory at: artifacts]
[2025-12-02 10:32:16,695: INFO: common: created directory at: artifacts/data_ingestion]
[2025-12-02 10:38:59,355: INFO: common: yaml file: config\config.yaml loaded successfully]
[2025-12-02 10:38:59,375: INFO: common: yaml file: params.yaml loaded successfully]
[2025-12-02 10:38:59,389: INFO: common: yaml file: schema.yaml loaded successfully]
[2025-12-02 10:38:59,389: INFO: common: created directory at: artifacts]
[2025-12-02 10:38:59,389: INFO: common: created directory at: artifacts/data_ingestion]
[2025-12-02 10:41:19,417: INFO: common: yaml file: config\config.yaml loaded successfully]
[2025-12-02 10:41:19,419: INFO: common: yaml file: params.yaml loaded successfully]
[2025-12-02 10:41:19,423: INFO: common: yaml file: schema.yaml loaded successfully]
[2025-12-02 10:41:19,424: INFO: common: created directory at: artifacts]
[2025-12-02 10:41:19,427: INFO: common: created directory at: artifacts/data_ingestion]
[2025-12-02 10:44:00,330: INFO: common: yaml file: config\config.yaml loaded successfully]
[2025-12-02 10:44:00,331: INFO: common: yaml file: params.yaml loaded successfully]
[2025-12-02 10:44:00,334: INFO: common: yaml file: schema.yaml loaded successfully]
[2025-12-02 10:44:00,335: INFO: common: created directory at: artifacts]
[2025-12-02 10:44:00,339: INFO: common: created directory at: artifacts/data_validation]
[2025-12-02 10:57:38,311: INFO: main: >>>>>> stage Data Ingestion stage started <<<<<<]
[2025-12-02 10:57:38,319: INFO: common: yaml file: config\config.yaml loaded successfully]
[2025-12-02 10:57:38,319: INFO: common: yaml file: params.yaml loaded successfully]
[2025-12-02 10:57:38,319: INFO: common: yaml file: schema.yaml loaded successfully]
[2025-12-02 10:57:38,319: INFO: common: created directory at: artifacts]
[2025-12-02 10:57:38,319: INFO: common: created directory at: artifacts/data_ingestion]
[2025-12-02 10:57:38,319: INFO: data_ingestion: file already exists]
[2025-12-02 10:57:38,360: INFO: main: >>>>>> stage Data Ingestion stage completed <<<<<<

x==========x]
[2025-12-02 10:57:38,360: INFO: main: >>>>>> stage Data Validation stage started <<<<<<]
[2025-12-02 10:57:38,360: INFO: common: yaml file: config\config.yaml loaded successfully]
[2025-12-02 10:57:38,360: INFO: common: yaml file: params.yaml loaded successfully]
[2025-12-02 10:57:38,360: INFO: common: yaml file: schema.yaml loaded successfully]
[2025-12-02 10:57:38,367: INFO: common: created directory at: artifacts]
[2025-12-02 10:57:38,369: INFO: common: created directory at: artifacts/data_validation]
[2025-12-02 10:57:38,369: INFO: main: >>>>>> stage Data Validation stage completed <<<<<<

x==========x]
[2025-12-02 11:02:20,961: INFO: main: >>>>>> stage Data Ingestion stage started <<<<<<]
[2025-12-02 11:02:20,961: INFO: common: yaml file: config\config.yaml loaded successfully]
[2025-12-02 11:02:20,961: INFO: common: yaml file: params.yaml loaded successfully]
[2025-12-02 11:02:20,970: INFO: common: yaml file: schema.yaml loaded successfully]
[2025-12-02 11:02:20,970: INFO: common: created directory at: artifacts]
[2025-12-02 11:02:20,970: INFO: common: created directory at: artifacts/data_ingestion]
[2025-12-02 11:02:20,970: INFO: data_ingestion: file already exists]
[2025-12-02 11:02:20,970: INFO: main: >>>>>> stage Data Ingestion stage completed <<<<<<

x==========x]
[2025-12-02 11:02:20,970: INFO: main: >>>>>> stage Data Validation stage started <<<<<<]
[2025-12-02 11:02:20,970: INFO: common: yaml file: config\config.yaml loaded successfully]
[2025-12-02 11:02:20,977: INFO: common: yaml file: params.yaml loaded successfully]
[2025-12-02 11:02:20,977: INFO: common: yaml file: schema.yaml loaded successfully]
[2025-12-02 11:02:20,977: INFO: common: created directory at: artifacts]
[2025-12-02 11:02:20,977: INFO: common: created directory at: artifacts/data_validation]
[2025-12-02 11:02:20,977: INFO: main: >>>>>> stage Data Validation stage completed <<<<<<

x==========x]
[2025-12-02 11:08:58,167: INFO: main: >>>>>> stage Data Ingestion stage started <<<<<<]
[2025-12-02 11:08:58,169: INFO: common: yaml file: config\config.yaml loaded successfully]
[2025-12-02 11:08:58,170: INFO: common: yaml file: params.yaml loaded successfully]
[2025-12-02 11:08:58,171: INFO: common: yaml file: schema.yaml loaded successfully]
[2025-12-02 11:08:58,171: INFO: common: created directory at: artifacts]
[2025-12-02 11:08:58,172: INFO: common: created directory at: artifacts/data_ingestion]
[2025-12-02 11:08:58,172: INFO: data_ingestion: file already exists]
[2025-12-02 11:08:58,175: INFO: main: >>>>>> stage Data Ingestion stage completed <<<<<<

x==========x]
[2025-12-02 11:08:58,175: INFO: main: >>>>>> stage Data Validation stage started <<<<<<]
[2025-12-02 11:08:58,175: INFO: common: yaml file: config\config.yaml loaded successfully]
[2025-12-02 11:08:58,177: INFO: common: yaml file: params.yaml loaded successfully]
[2025-12-02 11:08:58,178: INFO: common: yaml file: schema.yaml loaded successfully]
[2025-12-02 11:08:58,178: INFO: common: created directory at: artifacts]
[2025-12-02 11:08:58,179: INFO: common: created directory at: artifacts/data_validation]
[2025-12-02 11:08:58,179: INFO: main: >>>>>> stage Data Validation stage completed <<<<<<

x==========x]
[2025-12-02 11:12:59,962: INFO: main: >>>>>> stage Data Ingestion stage started <<<<<<]
[2025-12-02 11:12:59,963: INFO: common: yaml file: config\config.yaml loaded successfully]
[2025-12-02 11:12:59,963: INFO: common: yaml file: params.yaml loaded successfully]
[2025-12-02 11:12:59,963: INFO: common: yaml file: schema.yaml loaded successfully]
[2025-12-02 11:12:59,963: INFO: common: created directory at: artifacts]
[2025-12-02 11:12:59,963: INFO: common: created directory at: artifacts/data_ingestion]
[2025-12-02 11:12:59,963: INFO: data_ingestion: file already exists]
[2025-12-02 11:12:59,963: INFO: main: >>>>>> stage Data Ingestion stage completed <<<<<<

x==========x]
[2025-12-02 11:12:59,963: INFO: main: >>>>>> stage Data Validation stage started <<<<<<]
[2025-12-02 11:12:59,963: INFO: common: yaml file: config\config.yaml loaded successfully]
[2025-12-02 11:12:59,963: INFO: common: yaml file: params.yaml loaded successfully]
[2025-12-02 11:12:59,963: INFO: common: yaml file: schema.yaml loaded successfully]
[2025-12-02 11:12:59,963: INFO: common: created directory at: artifacts]
[2025-12-02 11:12:59,976: INFO: common: created directory at: artifacts/data_validation]
[2025-12-02 11:12:59,976: INFO: main: >>>>>> stage Data Validation stage completed <<<<<<

x==========x]
[2025-12-02 11:22:00,203: INFO: main: >>>>>> stage Data Ingestion stage started <<<<<<]
[2025-12-02 11:22:00,204: INFO: common: yaml file: config\config.yaml loaded successfully]
[2025-12-02 11:22:00,205: INFO: common: yaml file: params.yaml loaded successfully]
[2025-12-02 11:22:00,206: INFO: common: yaml file: schema.yaml loaded successfully]
[2025-12-02 11:22:00,207: INFO: common: created directory at: artifacts]
[2025-12-02 11:22:00,207: INFO: common: created directory at: artifacts/data_ingestion]
[2025-12-02 11:22:00,208: INFO: data_ingestion: file already exists]
[2025-12-02 11:22:00,210: INFO: main: >>>>>> stage Data Ingestion stage completed <<<<<<

x==========x]
[2025-12-02 11:22:00,210: INFO: main: >>>>>> stage Data Validation stage started <<<<<<]
[2025-12-02 11:22:00,212: INFO: common: yaml file: config\config.yaml loaded successfully]
[2025-12-02 11:22:00,212: INFO: common: yaml file: params.yaml loaded successfully]
[2025-12-02 11:22:00,214: INFO: common: yaml file: schema.yaml loaded successfully]
[2025-12-02 11:22:00,214: INFO: common: created directory at: artifacts]
[2025-12-02 11:22:00,215: INFO: common: created directory at: artifacts/data_validation]
[2025-12-02 11:22:00,243: INFO: main: >>>>>> stage Data Validation stage completed <<<<<<

x==========x]
[2025-12-02 12:21:28,277: INFO: common: yaml file: config\config.yaml loaded successfully]
[2025-12-02 12:21:28,279: INFO: common: yaml file: params.yaml loaded successfully]
[2025-12-02 12:21:28,281: INFO: common: yaml file: schema.yaml loaded successfully]
[2025-12-02 12:21:28,282: INFO: common: created directory at: artifacts]
[2025-12-02 12:21:28,284: INFO: common: created directory at: artifacts/data_transformation]
[2025-12-02 12:22:05,264: INFO: common: yaml file: config\config.yaml loaded successfully]
[2025-12-02 12:22:05,268: INFO: common: yaml file: params.yaml loaded successfully]
[2025-12-02 12:22:05,271: INFO: common: yaml file: schema.yaml loaded successfully]
[2025-12-02 12:22:05,273: INFO: common: created directory at: artifacts]
[2025-12-02 12:22:05,274: INFO: common: created directory at: artifacts/data_transformation]
[2025-12-02 12:22:05,305: INFO: 3892423448: Splitted data into training and test sets]
[2025-12-02 12:22:05,305: INFO: 3892423448: (1199, 12)]
[2025-12-02 12:22:05,305: INFO: 3892423448: (400, 12)]
[2025-12-02 12:56:50,703: INFO: main: >>>>>> stage Data Ingestion stage started <<<<<<]
[2025-12-02 12:56:50,704: INFO: common: yaml file: config\config.yaml loaded successfully]
[2025-12-02 12:56:50,705: INFO: common: yaml file: params.yaml loaded successfully]
[2025-12-02 12:56:50,707: INFO: common: yaml file: schema.yaml loaded successfully]
[2025-12-02 12:56:50,707: INFO: common: created directory at: artifacts]
[2025-12-02 12:56:50,708: INFO: common: created directory at: artifacts/data_ingestion]
[2025-12-02 12:56:50,708: INFO: data_ingestion: file already exists]
[2025-12-02 12:56:50,710: INFO: main: >>>>>> stage Data Ingestion stage completed <<<<<<

x==========x]
[2025-12-02 12:56:50,710: INFO: main: >>>>>> stage Data Validation stage started <<<<<<]
[2025-12-02 12:56:50,712: INFO: common: yaml file: config\config.yaml loaded successfully]
[2025-12-02 12:56:50,712: INFO: common: yaml file: params.yaml loaded successfully]
[2025-12-02 12:56:50,713: INFO: common: yaml file: schema.yaml loaded successfully]
[2025-12-02 12:56:50,714: INFO: common: created directory at: artifacts]
[2025-12-02 12:56:50,714: INFO: common: created directory at: artifacts/data_validation]
[2025-12-02 12:56:50,737: INFO: main: >>>>>> stage Data Validation stage completed <<<<<<

x==========x]
[2025-12-02 12:56:50,737: INFO: main: >>>>>> stage Data Transformation stage started <<<<<<]
[2025-12-02 12:56:50,740: INFO: main: >>>>>> stage Data Transformation stage completed <<<<<<

x==========x]
[2025-12-02 12:58:25,507: INFO: main: >>>>>> stage Data Ingestion stage started <<<<<<]
[2025-12-02 12:58:25,508: INFO: common: yaml file: config\config.yaml loaded successfully]
[2025-12-02 12:58:25,510: INFO: common: yaml file: params.yaml loaded successfully]
[2025-12-02 12:58:25,511: INFO: common: yaml file: schema.yaml loaded successfully]
[2025-12-02 12:58:25,511: INFO: common: created directory at: artifacts]
[2025-12-02 12:58:25,511: INFO: common: created directory at: artifacts/data_ingestion]
[2025-12-02 12:58:25,512: INFO: data_ingestion: file already exists]
[2025-12-02 12:58:25,514: INFO: main: >>>>>> stage Data Ingestion stage completed <<<<<<

x==========x]
[2025-12-02 12:58:25,515: INFO: main: >>>>>> stage Data Validation stage started <<<<<<]
[2025-12-02 12:58:25,516: INFO: common: yaml file: config\config.yaml loaded successfully]
[2025-12-02 12:58:25,517: INFO: common: yaml file: params.yaml loaded successfully]
[2025-12-02 12:58:25,519: INFO: common: yaml file: schema.yaml loaded successfully]
[2025-12-02 12:58:25,521: INFO: common: created directory at: artifacts]
[2025-12-02 12:58:25,521: INFO: common: created directory at: artifacts/data_validation]
[2025-12-02 12:58:25,549: INFO: main: >>>>>> stage Data Validation stage completed <<<<<<

x==========x]
[2025-12-02 12:58:25,552: INFO: main: >>>>>> stage Data Transformation stage started <<<<<<]
[2025-12-02 12:58:25,560: INFO: common: yaml file: config\config.yaml loaded successfully]
[2025-12-02 12:58:25,561: INFO: common: yaml file: params.yaml loaded successfully]
[2025-12-02 12:58:25,566: INFO: common: yaml file: schema.yaml loaded successfully]
[2025-12-02 12:58:25,569: INFO: common: created directory at: artifacts]
[2025-12-02 12:58:25,570: INFO: common: created directory at: artifacts/data_transformation]
[2025-12-02 12:58:25,610: INFO: data_transformation: Splitted data into training and test sets]
[2025-12-02 12:58:25,610: INFO: data_transformation: (1199, 12)]
[2025-12-02 12:58:25,610: INFO: data_transformation: (400, 12)]
[2025-12-02 12:58:25,611: INFO: main: >>>>>> stage Data Transformation stage completed <<<<<<

x==========x]
[2025-12-02 15:46:31,088: INFO: common: yaml file: config\config.yaml loaded successfully]
[2025-12-02 15:46:31,104: INFO: common: yaml file: params.yaml loaded successfully]
[2025-12-02 15:46:31,106: INFO: common: yaml file: schema.yaml loaded successfully]
[2025-12-02 15:46:31,108: INFO: common: created directory at: artifacts]
[2025-12-02 15:48:48,462: INFO: common: yaml file: config\config.yaml loaded successfully]
[2025-12-02 15:48:48,466: INFO: common: yaml file: params.yaml loaded successfully]
[2025-12-02 15:48:48,467: INFO: common: yaml file: schema.yaml loaded successfully]
[2025-12-02 15:48:48,467: INFO: common: created directory at: artifacts]
[2025-12-02 15:48:48,475: INFO: common: created directory at: artifacts/model_trainer]
[2025-12-02 16:06:00,415: INFO: main: >>>>>> stage Data Ingestion Stage started <<<<<<]
[2025-12-02 16:06:00,420: INFO: common: yaml file: config\config.yaml loaded successfully]
[2025-12-02 16:06:00,421: INFO: common: yaml file: params.yaml loaded successfully]
[2025-12-02 16:06:00,421: INFO: common: yaml file: schema.yaml loaded successfully]
[2025-12-02 16:06:00,421: INFO: common: created directory at: artifacts]
[2025-12-02 16:06:00,425: INFO: common: created directory at: artifacts/data_ingestion]
[2025-12-02 16:06:00,425: INFO: data_ingestion: file already exists]
[2025-12-02 16:06:00,425: INFO: main: >>>>>> stage Data Ingestion Stage completed <<<<<<

x==========x]
[2025-12-02 16:06:00,425: INFO: main: >>>>>> stage Data Validation Stage started <<<<<<]
[2025-12-02 16:06:00,425: INFO: common: yaml file: config\config.yaml loaded successfully]
[2025-12-02 16:06:00,431: INFO: common: yaml file: params.yaml loaded successfully]
[2025-12-02 16:06:00,433: INFO: common: yaml file: schema.yaml loaded successfully]
[2025-12-02 16:06:00,433: INFO: common: created directory at: artifacts]
[2025-12-02 16:06:00,433: INFO: common: created directory at: artifacts/data_validation]
[2025-12-02 16:06:00,471: INFO: main: >>>>>> stage Data Validation Stage completed <<<<<<

x==========x]
[2025-12-02 16:06:00,471: INFO: main: >>>>>> stage Data Transformation Stage started <<<<<<]
[2025-12-02 16:06:00,474: INFO: common: yaml file: config\config.yaml loaded successfully]
[2025-12-02 16:06:00,477: INFO: common: yaml file: params.yaml loaded successfully]
[2025-12-02 16:06:00,477: INFO: common: yaml file: schema.yaml loaded successfully]
[2025-12-02 16:06:00,481: INFO: common: created directory at: artifacts]
[2025-12-02 16:06:00,482: INFO: common: created directory at: artifacts/data_transformation]
[2025-12-02 16:06:00,501: INFO: data_transformation: Splitted data into training and test sets]
[2025-12-02 16:06:00,501: INFO: data_transformation: (1199, 12)]
[2025-12-02 16:06:00,501: INFO: data_transformation: (400, 12)]
[2025-12-02 16:06:00,501: INFO: main: >>>>>> stage Data Transformation Stage completed <<<<<<

x==========x]
[2025-12-02 16:06:00,501: INFO: main: >>>>>> stage ModelTrainer Stage started <<<<<<]
[2025-12-02 16:06:00,506: INFO: common: yaml file: config\config.yaml loaded successfully]
[2025-12-02 16:06:00,507: INFO: common: yaml file: params.yaml loaded successfully]
[2025-12-02 16:06:00,507: INFO: common: yaml file: schema.yaml loaded successfully]
[2025-12-02 16:06:00,507: INFO: common: created directory at: artifacts]
[2025-12-02 16:06:00,511: INFO: common: created directory at: artifacts/model_trainer]
[2025-12-02 16:06:00,574: INFO: main: >>>>>> stage ModelTrainer Stage completed <<<<<<

x==========x]
